0 info it worked if it ends with ok
1 verbose cli [ 'C:\\Program Files\\nodejs\\\\node.exe',
1 verbose cli   'C:\\Program Files\\nodejs\\node_modules\\npm\\bin\\npm-cli.js',
1 verbose cli   'start' ]
2 info using npm@1.4.3
3 info using node@v0.10.26
4 verbose node symlink C:\Program Files\nodejs\\node.exe
5 verbose run-script [ 'prestart', 'start', 'poststart' ]
6 info prestart Battleship@
7 info start Battleship@
8 verbose unsafe-perm in lifecycle true
9 info Battleship@ Failed to exec start script
10 error Battleship@ start: `node server.js`
10 error Exit status 8
11 error Failed at the Battleship@ start script.
11 error This is most likely a problem with the Battleship package,
11 error not with npm itself.
11 error Tell the author that this fails on your system:
11 error     node server.js
11 error You can get their info via:
11 error     npm owner ls Battleship
11 error There is likely additional logging output above.
12 error System Windows_NT 6.2.9200
13 error command "C:\\Program Files\\nodejs\\\\node.exe" "C:\\Program Files\\nodejs\\node_modules\\npm\\bin\\npm-cli.js" "start"
14 error cwd R:\Skóli\git\JavaProject-FOR3A-2014\webServer
15 error node -v v0.10.26
16 error npm -v 1.4.3
17 error code ELIFECYCLE
18 verbose exit [ 1, true ]
